Build started 14-12-2013 23:48:19.
     1>Project "C:\Users\Abhinandan\Documents\Visual Studio 2012\Projects\LinkedListDemo\LinkedListDemo\LinkedListDemo.vcxproj" on node 2 (Build target(s)).
     1>ClCompile:
         C:\Program Files\Microsoft Visual Studio 11.0\VC\bin\CL.exe /c /ZI /nologo /W3 /WX- /Od /Oy- /D WIN32 /D _DEBUG /D _CONSOLE /D _UNICODE /D UNICODE /Gm /EHsc /RTC1 /MDd /GS /fp:precise /Zc:wchar_t /Zc:forScope /Fo"Debug\\" /Fd"Debug\vc110.pdb" /Gd /TC /analyze- /errorReport:prompt Source.c
         Source.c
     1>c:\users\abhinandan\documents\visual studio 2012\projects\linkedlistdemo\linkedlistdemo\source.c(30): warning C4996: 'scanf': This function or variable may be unsafe. Consider using scanf_s instead. To disable deprecation, use _CRT_SECURE_NO_WARNINGS. See online help for details.
                 c:\program files\microsoft visual studio 11.0\vc\include\stdio.h(290) : see declaration of 'scanf'
     1>c:\users\abhinandan\documents\visual studio 2012\projects\linkedlistdemo\linkedlistdemo\source.c(35): warning C4996: 'scanf': This function or variable may be unsafe. Consider using scanf_s instead. To disable deprecation, use _CRT_SECURE_NO_WARNINGS. See online help for details.
                 c:\program files\microsoft visual studio 11.0\vc\include\stdio.h(290) : see declaration of 'scanf'
     1>c:\users\abhinandan\documents\visual studio 2012\projects\linkedlistdemo\linkedlistdemo\source.c(40): warning C4996: 'scanf': This function or variable may be unsafe. Consider using scanf_s instead. To disable deprecation, use _CRT_SECURE_NO_WARNINGS. See online help for details.
                 c:\program files\microsoft visual studio 11.0\vc\include\stdio.h(290) : see declaration of 'scanf'
     1>c:\users\abhinandan\documents\visual studio 2012\projects\linkedlistdemo\linkedlistdemo\source.c(45): warning C4996: 'getch': The POSIX name for this item is deprecated. Instead, use the ISO C++ conformant name: _getch. See online help for details.
                 c:\program files\microsoft visual studio 11.0\vc\include\conio.h(131) : see declaration of 'getch'
     1>c:\users\abhinandan\documents\visual studio 2012\projects\linkedlistdemo\linkedlistdemo\source.c(50): warning C4996: 'scanf': This function or variable may be unsafe. Consider using scanf_s instead. To disable deprecation, use _CRT_SECURE_NO_WARNINGS. See online help for details.
                 c:\program files\microsoft visual studio 11.0\vc\include\stdio.h(290) : see declaration of 'scanf'
       Link:
         C:\Program Files\Microsoft Visual Studio 11.0\VC\bin\link.exe /ERRORREPORT:PROMPT /OUT:"C:\Users\Abhinandan\Documents\Visual Studio 2012\Projects\LinkedListDemo\Debug\LinkedListDemo.exe" /INCREMENTAL /NOLOGO kernel32.lib user32.lib gdi32.lib winspool.lib comdlg32.lib advapi32.lib shell32.lib ole32.lib oleaut32.lib uuid.lib odbc32.lib odbccp32.lib /MANIFEST /MANIFESTUAC:"level='asInvoker' uiAccess='false'" /manifest:embed /DEBUG /PDB:"C:\Users\Abhinandan\Documents\Visual Studio 2012\Projects\LinkedListDemo\Debug\LinkedListDemo.pdb" /SUBSYSTEM:CONSOLE /TLBID:1 /DYNAMICBASE /NXCOMPAT /IMPLIB:"C:\Users\Abhinandan\Documents\Visual Studio 2012\Projects\LinkedListDemo\Debug\LinkedListDemo.lib" /MACHINE:X86 Debug\Source.obj
         LinkedListDemo.vcxproj -> C:\Users\Abhinandan\Documents\Visual Studio 2012\Projects\LinkedListDemo\Debug\LinkedListDemo.exe
     1>Done Building Project "C:\Users\Abhinandan\Documents\Visual Studio 2012\Projects\LinkedListDemo\LinkedListDemo\LinkedListDemo.vcxproj" (Build target(s)).

Build succeeded.

Time Elapsed 00:00:00.94
